#
# There is insufficient memory for the Java Runtime Environment to continue.
# Native memory allocation (malloc) failed to allocate 1271936 bytes for Chunk::new
# Possible reasons:
#   The system is out of physical RAM or swap space
#   The process is running with CompressedOops enabled, and the Java Heap may be blocking the growth of the native heap
# Possible solutions:
#   Reduce memory load on the system
#   Increase physical memory or swap space
#   Check if swap backing store is full
#   Decrease Java heap size (-Xmx/-Xms)
#   Decrease number of Java threads
#   Decrease Java thread stack sizes (-Xss)
#   Set larger code cache with -XX:ReservedCodeCacheSize=
#   JVM is running with Unscaled Compressed Oops mode in which the Java heap is
#     placed in the first 4GB address space. The Java Heap base address is the
#     maximum limit for the native heap growth. Please use -XX:HeapBaseMinAddress
#     to set the Java Heap base and to place the Java Heap above 4GB virtual address.
# This output file may be truncated or incomplete.
#
#  Out of Memory Error (allocation.cpp:389), pid=12780, tid=0x0000000000000738
#
# JRE version: OpenJDK Runtime Environment (8.0_242-b01) (build 1.8.0_242-release-1644-b01)
# Java VM: OpenJDK 64-Bit Server VM (25.242-b01 mixed mode windows-amd64 compressed oops)
# Failed to write core dump. Minidumps are not enabled by default on client versions of Windows
#

---------------  T H R E A D  ---------------

Current thread (0x000000001525a800):  JavaThread "C2 CompilerThread1" daemon [_thread_in_native, id=1848, stack(0x00000000169c0000,0x0000000016ac0000)]

Stack: [0x00000000169c0000,0x0000000016ac0000]
[error occurred during error reporting (printing stack bounds), id 0xc0000005]

Native frames: (J=compiled Java code, j=interpreted, Vv=VM code, C=native code)


Current CompileTask:
C2:   3327 1473       4       java.net.URLClassLoader$1::run (5 bytes)


---------------  P R O C E S S  ---------------

Java Threads: ( => current thread )
  0x0000000018e7b800 JavaThread "Cache worker for file hash cache (C:\Users\DELL\.gradle\caches\6.5\fileHashes)" [_thread_blocked, id=11560, stack(0x000000001b3e0000,0x000000001b4e0000)]
  0x0000000018e75000 JavaThread "File lock request listener" [_thread_in_native, id=9172, stack(0x000000001aee0000,0x000000001afe0000)]
  0x0000000018e7b000 JavaThread "Cache worker for journal cache (C:\Users\DELL\.gradle\caches\journal-1)" [_thread_blocked, id=11628, stack(0x000000001ade0000,0x000000001aee0000)]
  0x0000000018e78000 JavaThread "Thread-9" [_thread_blocked, id=12588, stack(0x000000001ace0000,0x000000001ade0000)]
  0x0000000018e08800 JavaThread "Stdin handler" [_thread_blocked, id=11492, stack(0x000000001abe0000,0x000000001ace0000)]
  0x0000000018e08000 JavaThread "Asynchronous log dispatcher for DefaultDaemonConnection: socket connection from /127.0.0.1:62063 to /127.0.0.1:62064" [_thread_blocked, id=900, stack(0x000000001aae0000,0x000000001abe0000)]
  0x0000000018df8800 JavaThread "Daemon worker" [_thread_in_native, id=600, stack(0x000000001a9e0000,0x000000001aae0000)]
  0x0000000018df7800 JavaThread "Cancel handler" [_thread_blocked, id=11680, stack(0x000000001a8e0000,0x000000001a9e0000)]
  0x0000000018cdb800 JavaThread "Handler for socket connection from /127.0.0.1:62063 to /127.0.0.1:62064" [_thread_in_native, id=5656, stack(0x000000001a5e0000,0x000000001a6e0000)]
  0x0000000018ea5800 JavaThread "Daemon" [_thread_blocked, id=10648, stack(0x000000001a4e0000,0x000000001a5e0000)]
  0x0000000018ea4000 JavaThread "Daemon periodic checks" [_thread_blocked, id=1036, stack(0x000000001a3e0000,0x000000001a4e0000)]
  0x0000000018cd5000 JavaThread "Incoming local TCP Connector on port 62063" [_thread_in_native, id=7948, stack(0x000000001a1a0000,0x000000001a2a0000)]
  0x0000000018a69000 JavaThread "Daemon health stats" [_thread_blocked, id=13096, stack(0x0000000019b60000,0x0000000019c60000)]
  0x00000000152ae800 JavaThread "Service Thread" daemon [_thread_blocked, id=748, stack(0x0000000016fc0000,0x00000000170c0000)]
  0x000000001526a800 JavaThread "C1 CompilerThread2" daemon [_thread_blocked, id=3660, stack(0x0000000016ac0000,0x0000000016bc0000)]
=>0x000000001525a800 JavaThread "C2 CompilerThread1" daemon [_thread_in_native, id=1848, stack(0x00000000169c0000,0x0000000016ac0000)]
  0x0000000015256800 JavaThread "C2 CompilerThread0" daemon [_thread_blocked, id=12460, stack(0x00000000168c0000,0x00000000169c0000)]
  0x0000000015255800 JavaThread "Attach Listener" daemon [_thread_blocked, id=4884, stack(0x00000000167c0000,0x00000000168c0000)]
  0x0000000015251800 JavaThread "Signal Dispatcher" daemon [_thread_blocked, id=7588, stack(0x00000000166c0000,0x00000000167c0000)]
  0x0000000002b7b000 JavaThread "Finalizer" daemon [_thread_blocked, id=8124, stack(0x00000000164c0000,0x00000000165c0000)]
  0x0000000015239000 JavaThread "Reference Handler" daemon [_thread_blocked, id=1080, stack(0x00000000163c0000,0x00000000164c0000)]
  0x0000000002a7d800 JavaThread "main" [_thread_blocked, id=12036, stack(0x0000000002940000,0x0000000002a40000)]

Other Threads:
  0x0000000015216000 VMThread [stack: 0x00000000162c0000,0x00000000163c0000] [id=6896]
  0x0000000016bfd000 WatcherThread [stack: 0x00000000170c0000,0x00000000171c0000] [id=10516]

VM state:not at safepoint (normal execution)

VM Mutex/Monitor currently owned by a thread: None

heap address: 0x00000000c0000000, size: 1024 MB, Compressed Oops mode: 32-bit
Narrow klass base: 0x0000000000000000, Narrow klass shift: 3
Compressed class space size: 1073741824 Address: 0x0000000100000000

Heap:
 PSYoungGen      total 18432K, used 3967K [0x00000000eab00000, 0x00000000ebf80000, 0x0000000100000000)
  eden space 15872K, 9% used [0x00000000eab00000,0x00000000eac72220,0x00000000eba80000)
  from space 2560K, 97% used [0x00000000eba80000,0x00000000ebcedcc8,0x00000000ebd00000)
  to   space 2560K, 0% used [0x00000000ebd00000,0x00000000ebd00000,0x00000000ebf80000)
 ParOldGen       total 30720K, used 5789K [0x00000000c0000000, 0x00000000c1e00000, 0x00000000eab00000)
  object space 30720K, 18% used [0x00000000c0000000,0x00000000c05a7530,0x00000000c1e00000)
 Metaspace       used 15993K, capacity 16532K, committed 16640K, reserved 1064960K
  class space    used 2108K, capacity 2270K, committed 2304K, reserved 1048576K

Card table byte_map: [0x0000000011f40000,0x0000000012150000] byte_map_base: 0x0000000011940000

Marking Bits: (ParMarkBitMap*) 0x000000007233f030
 Begin Bits: [0x00000000126b0000, 0x00000000136b0000)
 End Bits:   [0x00000000136b0000, 0x00000000146b0000)

Polling page: 0x00000000028e0000

CodeCache: size=245760Kb used=5332Kb max_used=5335Kb free=240427Kb
 bounds [0x0000000002b80000, 0x00000000030c0000, 0x0000000011b80000]
 total_blobs=1901 nmethods=1504 adapters=310
 compilation: enabled

Compilation events (10 events):
Event: 3.260 Thread 0x000000001526a800 nmethod 1490 0x00000000030a6910 code [0x00000000030a6b40, 0x00000000030a78b8]
Event: 3.262 Thread 0x0000000015256800 nmethod 1489 0x00000000030a6350 code [0x00000000030a64a0, 0x00000000030a6778]
Event: 3.266 Thread 0x000000001526a800 1491       3       java.util.concurrent.locks.AbstractQueuedSynchronizer::setState (6 bytes)
Event: 3.266 Thread 0x000000001526a800 nmethod 1491 0x00000000030abc10 code [0x00000000030abd60, 0x00000000030abeb0]
Event: 3.279 Thread 0x0000000015256800 1492   !   4       java.util.zip.InflaterInputStream::read (138 bytes)
Event: 3.297 Thread 0x000000001526a800 1494       3       jdk.internal.org.objectweb.asm.ClassWriter::newNameType (10 bytes)
Event: 3.298 Thread 0x000000001526a800 nmethod 1494 0x00000000030aaa90 code [0x00000000030aac00, 0x00000000030aada8]
Event: 3.298 Thread 0x000000001526a800 1495       3       jdk.internal.org.objectweb.asm.ClassWriter::visitMethod (24 bytes)
Event: 3.298 Thread 0x000000001526a800 nmethod 1495 0x00000000030aa610 code [0x00000000030aa780, 0x00000000030aa9c8]
Event: 3.298 Thread 0x000000001526a800 1496       3       jdk.internal.org.objectweb.asm.MethodVisitor::<init> (7 bytes)

GC Heap History (10 events):
Event: 2.439 GC heap before
{Heap before GC invocations=6 (full 0):
 PSYoungGen      total 18432K, used 18432K [0x00000000eab00000, 0x00000000ebf80000, 0x0000000100000000)
  eden space 15872K, 100% used [0x00000000eab00000,0x00000000eba80000,0x00000000eba80000)
  from space 2560K, 100% used [0x00000000eba80000,0x00000000ebd00000,0x00000000ebd00000)
  to   space 2560K, 0% used [0x00000000ebd00000,0x00000000ebd00000,0x00000000ebf80000)
 ParOldGen       total 42496K, used 2394K [0x00000000c0000000, 0x00000000c2980000, 0x00000000eab00000)
  object space 42496K, 5% used [0x00000000c0000000,0x00000000c0256820,0x00000000c2980000)
 Metaspace       used 11530K, capacity 11822K, committed 11904K, reserved 1058816K
  class space    used 1535K, capacity 1641K, committed 1664K, reserved 1048576K
Event: 2.447 GC heap after
Heap after GC invocations=6 (full 0):
 PSYoungGen      total 18432K, used 2544K [0x00000000eab00000, 0x00000000ebf80000, 0x0000000100000000)
  eden space 15872K, 0% used [0x00000000eab00000,0x00000000eab00000,0x00000000eba80000)
  from space 2560K, 99% used [0x00000000ebd00000,0x00000000ebf7c010,0x00000000ebf80000)
  to   space 2560K, 0% used [0x00000000eba80000,0x00000000eba80000,0x00000000ebd00000)
 ParOldGen       total 42496K, used 4635K [0x00000000c0000000, 0x00000000c2980000, 0x00000000eab00000)
  object space 42496K, 10% used [0x00000000c0000000,0x00000000c0486ef0,0x00000000c2980000)
 Metaspace       used 11530K, capacity 11822K, committed 11904K, reserved 1058816K
  class space    used 1535K, capacity 1641K, committed 1664K, reserved 1048576K
}
Event: 2.789 GC heap before
{Heap before GC invocations=7 (full 0):
 PSYoungGen      total 18432K, used 8213K [0x00000000eab00000, 0x00000000ebf80000, 0x0000000100000000)
  eden space 15872K, 35% used [0x00000000eab00000,0x00000000eb0897a0,0x00000000eba80000)
  from space 2560K, 99% used [0x00000000ebd00000,0x00000000ebf7c010,0x00000000ebf80000)
  to   space 2560K, 0% used [0x00000000eba80000,0x00000000eba80000,0x00000000ebd00000)
 ParOldGen       total 42496K, used 4635K [0x00000000c0000000, 0x00000000c2980000, 0x00000000eab00000)
  object space 42496K, 10% used [0x00000000c0000000,0x00000000c0486ef0,0x00000000c2980000)
 Metaspace       used 12449K, capacity 12756K, committed 12800K, reserved 1064960K
  class space    used 1680K, capacity 1784K, committed 1792K, reserved 1048576K
Event: 2.795 GC heap after
Heap after GC invocations=7 (full 0):
 PSYoungGen      total 18432K, used 2096K [0x00000000eab00000, 0x00000000ebf80000, 0x0000000100000000)
  eden space 15872K, 0% used [0x00000000eab00000,0x00000000eab00000,0x00000000eba80000)
  from space 2560K, 81% used [0x00000000eba80000,0x00000000ebc8c010,0x00000000ebd00000)
  to   space 2560K, 0% used [0x00000000ebd00000,0x00000000ebd00000,0x00000000ebf80000)
 ParOldGen       total 42496K, used 5955K [0x00000000c0000000, 0x00000000c2980000, 0x00000000eab00000)
  object space 42496K, 14% used [0x00000000c0000000,0x00000000c05d0f30,0x00000000c2980000)
 Metaspace       used 12449K, capacity 12756K, committed 12800K, reserved 1064960K
  class space    used 1680K, capacity 1784K, committed 1792K, reserved 1048576K
}
Event: 2.795 GC heap before
{Heap before GC invocations=8 (full 1):
 PSYoungGen      total 18432K, used 2096K [0x00000000eab00000, 0x00000000ebf80000, 0x0000000100000000)
  eden space 15872K, 0% used [0x00000000eab00000,0x00000000eab00000,0x00000000eba80000)
  from space 2560K, 81% used [0x00000000eba80000,0x00000000ebc8c010,0x00000000ebd00000)
  to   space 2560K, 0% used [0x00000000ebd00000,0x00000000ebd00000,0x00000000ebf80000)
 ParOldGen       total 42496K, used 5955K [0x00000000c0000000, 0x00000000c2980000, 0x00000000eab00000)
  object space 42496K, 14% used [0x00000000c0000000,0x00000000c05d0f30,0x00000000c2980000)
 Metaspace       used 12449K, capacity 12756K, committed 12800K, reserved 1064960K
  class space    used 1680K, capacity 1784K, committed 1792K, reserved 1048576K
Event: 2.823 GC heap after
Heap after GC invocations=8 (full 1):
 PSYoungGen      total 18432K, used 0K [0x00000000eab00000, 0x00000000ebf80000, 0x0000000100000000)
  eden space 15872K, 0% used [0x00000000eab00000,0x00000000eab00000,0x00000000eba80000)
  from space 2560K, 0% used [0x00000000eba80000,0x00000000eba80000,0x00000000ebd00000)
  to   space 2560K, 0% used [0x00000000ebd00000,0x00000000ebd00000,0x00000000ebf80000)
 ParOldGen       total 30720K, used 5789K [0x00000000c0000000, 0x00000000c1e00000, 0x00000000eab00000)
  object space 30720K, 18% used [0x00000000c0000000,0x00000000c05a7530,0x00000000c1e00000)
 Metaspace       used 12449K, capacity 12756K, committed 12800K, reserved 1062912K
  class space    used 1680K, capacity 1784K, committed 1792K, reserved 1048576K
}
Event: 2.980 GC heap before
{Heap before GC invocations=9 (full 1):
 PSYoungGen      total 18432K, used 15872K [0x00000000eab00000, 0x00000000ebf80000, 0x0000000100000000)
  eden space 15872K, 100% used [0x00000000eab00000,0x00000000eba80000,0x00000000eba80000)
  from space 2560K, 0% used [0x00000000eba80000,0x00000000eba80000,0x00000000ebd00000)
  to   space 2560K, 0% used [0x00000000ebd00000,0x00000000ebd00000,0x00000000ebf80000)
 ParOldGen       total 30720K, used 5789K [0x00000000c0000000, 0x00000000c1e00000, 0x00000000eab00000)
  object space 30720K, 18% used [0x00000000c0000000,0x00000000c05a7530,0x00000000c1e00000)
 Metaspace       used 13215K, capacity 13634K, committed 13824K, reserved 1062912K
  class space    used 1822K, capacity 1947K, committed 2048K, reserved 1048576K
Event: 2.982 GC heap after
Heap after GC invocations=9 (full 1):
 PSYoungGen      total 18432K, used 1431K [0x00000000eab00000, 0x00000000ebf80000, 0x0000000100000000)
  eden space 15872K, 0% used [0x00000000eab00000,0x00000000eab00000,0x00000000eba80000)
  from space 2560K, 55% used [0x00000000ebd00000,0x00000000ebe65f68,0x00000000ebf80000)
  to   space 2560K, 0% used [0x00000000eba80000,0x00000000eba80000,0x00000000ebd00000)
 ParOldGen       total 30720K, used 5789K [0x00000000c0000000, 0x00000000c1e00000, 0x00000000eab00000)
  object space 30720K, 18% used [0x00000000c0000000,0x00000000c05a7530,0x00000000c1e00000)
 Metaspace       used 13215K, capacity 13634K, committed 13824K, reserved 1062912K
  class space    used 1822K, capacity 1947K, committed 2048K, reserved 1048576K
}
Event: 3.288 GC heap before
{Heap before GC invocations=10 (full 1):
 PSYoungGen      total 18432K, used 17303K [0x00000000eab00000, 0x00000000ebf80000, 0x0000000100000000)
  eden space 15872K, 100% used [0x00000000eab00000,0x00000000eba80000,0x00000000eba80000)
  from space 2560K, 55% used [0x00000000ebd00000,0x00000000ebe65f68,0x00000000ebf80000)
  to   space 2560K, 0% used [0x00000000eba80000,0x00000000eba80000,0x00000000ebd00000)
 ParOldGen       total 30720K, used 5789K [0x00000000c0000000, 0x00000000c1e00000, 0x00000000eab00000)
  object space 30720K, 18% used [0x00000000c0000000,0x00000000c05a7530,0x00000000c1e00000)
 Metaspace       used 15741K, capacity 16368K, committed 16640K, reserved 1064960K
  class space    used 2071K, capacity 2260K, committed 2304K, reserved 1048576K
Event: 3.293 GC heap after
Heap after GC invocations=10 (full 1):
 PSYoungGen      total 18432K, used 2487K [0x00000000eab00000, 0x00000000ebf80000, 0x0000000100000000)
  eden space 15872K, 0% used [0x00000000eab00000,0x00000000eab00000,0x00000000eba80000)
  from space 2560K, 97% used [0x00000000eba80000,0x00000000ebcedcc8,0x00000000ebd00000)
  to   space 2560K, 0% used [0x00000000ebd00000,0x00000000ebd00000,0x00000000ebf80000)
 ParOldGen       total 30720K, used 5789K [0x00000000c0000000, 0x00000000c1e00000, 0x00000000eab00000)
  object space 30720K, 18% used [0x00000000c0000000,0x00000000c05a7530,0x00000000c1e00000)
 Metaspace       used 15741K, capacity 16368K, committed 16640K, reserved 1064960K
  class space    used 2071K, capacity 2260K, committed 2304K, reserved 1048576K
}

Deoptimization events (10 events):
Event: 2.722 Thread 0x0000000018df8800 Uncommon trap: reason=bimorphic action=maybe_recompile pc=0x0000000002e8563c method=java.util.HashMap.putVal(ILjava/lang/Object;Ljava/lang/Object;ZZ)Ljava/lang/Object; @ 253
Event: 2.722 Thread 0x0000000018df8800 Uncommon trap: reason=bimorphic action=maybe_recompile pc=0x0000000002e8563c method=java.util.HashMap.putVal(ILjava/lang/Object;Ljava/lang/Object;ZZ)Ljava/lang/Object; @ 253
Event: 2.722 Thread 0x0000000018df8800 Uncommon trap: reason=bimorphic action=maybe_recompile pc=0x0000000002e8563c method=java.util.HashMap.putVal(ILjava/lang/Object;Ljava/lang/Object;ZZ)Ljava/lang/Object; @ 253
Event: 2.722 Thread 0x0000000018df8800 Uncommon trap: reason=bimorphic action=maybe_recompile pc=0x0000000002e8563c method=java.util.HashMap.putVal(ILjava/lang/Object;Ljava/lang/Object;ZZ)Ljava/lang/Object; @ 253
Event: 3.074 Thread 0x0000000018df8800 Uncommon trap: reason=class_check action=maybe_recompile pc=0x0000000002eb9bd8 method=java.util.regex.Matcher.match(II)Z @ 86
Event: 3.074 Thread 0x0000000018df8800 Uncommon trap: reason=class_check action=maybe_recompile pc=0x0000000002eb9bd8 method=java.util.regex.Matcher.match(II)Z @ 86
Event: 3.075 Thread 0x0000000018df8800 Uncommon trap: reason=class_check action=maybe_recompile pc=0x0000000002eb9bd8 method=java.util.regex.Matcher.match(II)Z @ 86
Event: 3.075 Thread 0x0000000018df8800 Uncommon trap: reason=class_check action=maybe_recompile pc=0x0000000002d3e84c method=java.util.regex.Matcher.match(II)Z @ 86
Event: 3.230 Thread 0x0000000018df8800 Uncommon trap: reason=unstable_if action=reinterpret pc=0x0000000002ea6adc method=java.io.File.getName()Ljava/lang/String; @ 16
Event: 3.230 Thread 0x0000000018df8800 Uncommon trap: reason=unstable_if action=reinterpret pc=0x0000000002eac914 method=java.lang.String.substring(I)Ljava/lang/String; @ 35

Classes redefined (0 events):
No events

Internal exceptions (10 events):
Event: 0.782 Thread 0x0000000002a7d800 Exception <a 'java/lang/ArrayIndexOutOfBoundsException'> (0x00000000eb163170) thrown at [C:\src\AOSP-openjdk-git\hotspot\src\share\vm\runtime\sharedRuntime.cpp, line 605]
Event: 2.382 Thread 0x0000000002a7d800 Exception <a 'java/io/IOException'> (0x00000000eb8d3458) thrown at [C:\src\AOSP-openjdk-git\hotspot\src\share\vm\prims\jni.cpp, line 710]
Event: 2.485 Thread 0x0000000018cdb800 Exception <a 'java/lang/NoSuchMethodError': <clinit>> (0x00000000eab48b38) thrown at [C:\src\AOSP-openjdk-git\hotspot\src\share\vm\prims\jni.cpp, line 1615]
Event: 2.486 Thread 0x0000000018cdb800 Exception <a 'java/lang/NoSuchMethodError': <clinit>> (0x00000000eab52240) thrown at [C:\src\AOSP-openjdk-git\hotspot\src\share\vm\prims\jni.cpp, line 1615]
Event: 2.488 Thread 0x0000000018cdb800 Exception <a 'java/lang/NoSuchMethodError': <clinit>> (0x00000000eab6b218) thrown at [C:\src\AOSP-openjdk-git\hotspot\src\share\vm\prims\jni.cpp, line 1615]
Event: 2.503 Thread 0x0000000018cdb800 Exception <a 'java/lang/NoSuchMethodError': <clinit>> (0x00000000eabd8790) thrown at [C:\src\AOSP-openjdk-git\hotspot\src\share\vm\prims\jni.cpp, line 1615]
Event: 2.515 Thread 0x0000000018cdb800 Exception <a 'java/lang/NoSuchMethodError': <clinit>> (0x00000000eac12c98) thrown at [C:\src\AOSP-openjdk-git\hotspot\src\share\vm\prims\jni.cpp, line 1615]
Event: 2.522 Thread 0x0000000018cdb800 Exception <a 'java/lang/NoSuchMethodError': <clinit>> (0x00000000eac48448) thrown at [C:\src\AOSP-openjdk-git\hotspot\src\share\vm\prims\jni.cpp, line 1615]
Event: 2.524 Thread 0x0000000018cdb800 Exception <a 'java/lang/NoSuchMethodError': <clinit>> (0x00000000eac54a28) thrown at [C:\src\AOSP-openjdk-git\hotspot\src\share\vm\prims\jni.cpp, line 1615]
Event: 3.297 Thread 0x0000000018df8800 Exception <a 'java/lang/NoSuchMethodError': java.lang.Object.lambda$and$0(Ljava/util/function/Predicate;Ljava/lang/Object;)Z> (0x00000000eab22548) thrown at [C:\src\AOSP-openjdk-git\hotspot\src\share\vm\interpreter\linkResolver.cpp, line 620]

Events (10 events):
Event: 3.287 loading class java/nio/file/FileVisitOption
Event: 3.287 loading class java/nio/file/FileVisitOption done
Event: 3.287 loading class org/gradle/internal/snapshot/impl/DirectorySnapshotter$DefaultExcludes
Event: 3.287 loading class org/gradle/internal/snapshot/impl/DirectorySnapshotter$DefaultExcludes done
Event: 3.287 Executing VM operation: ParallelGCFailedAllocation
Event: 3.293 Executing VM operation: ParallelGCFailedAllocation done
Event: 3.296 loading class org/gradle/internal/snapshot/impl/DirectorySnapshotter$DefaultExcludes$StartMatcher
Event: 3.296 loading class org/gradle/internal/snapshot/impl/DirectorySnapshotter$DefaultExcludes$StartMatcher done
Event: 3.296 loading class org/gradle/internal/snapshot/impl/DirectorySnapshotter$DefaultExcludes$EndMatcher
Event: 3.296 loading class org/gradle/internal/snapshot/impl/DirectorySnapshotter$DefaultExcludes$EndMatcher done


Dynamic libraries:
0x00007ff694f10000 - 0x00007ff694f41000 	C:\Program Files\Android\Android Studio1\jre\bin\java.exe
0x00007ff980fa0000 - 0x00007ff981190000 	C:\Windows\SYSTEM32\ntdll.dll
0x00007ff97f060000 - 0x00007ff97f112000 	C:\Windows\System32\KERNEL32.DLL
0x00007ff97e160000 - 0x00007ff97e405000 	C:\Windows\System32\KERNELBASE.dll
0x00007ff980730000 - 0x00007ff9807d3000 	C:\Windows\System32\ADVAPI32.dll
0x00007ff97f630000 - 0x00007ff97f6ce000 	C:\Windows\System32\msvcrt.dll
0x00007ff980680000 - 0x00007ff980717000 	C:\Windows\System32\sechost.dll
0x00007ff980d70000 - 0x00007ff980e8f000 	C:\Windows\System32\RPCRT4.dll
0x00007ff980250000 - 0x00007ff9803e4000 	C:\Windows\System32\USER32.dll
0x00007ff97ee80000 - 0x00007ff97eea1000 	C:\Windows\System32\win32u.dll
0x00007ff97f120000 - 0x00007ff97f146000 	C:\Windows\System32\GDI32.dll
0x00007ff97eeb0000 - 0x00007ff97f048000 	C:\Windows\System32\gdi32full.dll
0x00007ff97e410000 - 0x00007ff97e4ae000 	C:\Windows\System32\msvcp_win.dll
0x00007ff97dfc0000 - 0x00007ff97e0ba000 	C:\Windows\System32\ucrtbase.dll
0x00007ff973a60000 - 0x00007ff973ce4000 	C:\Windows\WinSxS\amd64_microsoft.windows.common-controls_6595b64144ccf1df_6.0.18362.1440_none_9e7dbfb9e45e8e67\COMCTL32.dll
0x00007ff9808f0000 - 0x00007ff980c26000 	C:\Windows\System32\combase.dll
0x00007ff97edf0000 - 0x00007ff97ee71000 	C:\Windows\System32\bcryptPrimitives.dll
0x00007ff9807e0000 - 0x00007ff98080e000 	C:\Windows\System32\IMM32.DLL
0x0000000071a90000 - 0x0000000071b62000 	C:\Program Files\Android\Android Studio1\jre\jre\bin\msvcr100.dll
0x0000000071b70000 - 0x00000000723bb000 	C:\Program Files\Android\Android Studio1\jre\jre\bin\server\jvm.dll
0x00007ff97f5c0000 - 0x00007ff97f5c8000 	C:\Windows\System32\PSAPI.DLL
0x00007ff9729e0000 - 0x00007ff9729e9000 	C:\Windows\SYSTEM32\WSOCK32.dll
0x00007ff975840000 - 0x00007ff975864000 	C:\Windows\SYSTEM32\WINMM.dll
0x00007ff973ee0000 - 0x00007ff973eea000 	C:\Windows\SYSTEM32\VERSION.dll
0x00007ff9755f0000 - 0x00007ff97561d000 	C:\Windows\SYSTEM32\winmmbase.dll
0x00007ff97e0e0000 - 0x00007ff97e12a000 	C:\Windows\System32\cfgmgr32.dll
0x00007ff9803f0000 - 0x00007ff98045f000 	C:\Windows\System32\ws2_32.DLL
0x00007ff9763f0000 - 0x00007ff9763ff000 	C:\Program Files\Android\Android Studio1\jre\jre\bin\verify.dll
0x00007ff9763c0000 - 0x00007ff9763e9000 	C:\Program Files\Android\Android Studio1\jre\jre\bin\java.dll
0x00007ff9763a0000 - 0x00007ff9763b6000 	C:\Program Files\Android\Android Studio1\jre\jre\bin\zip.dll
0x00007ff97f930000 - 0x00007ff980018000 	C:\Windows\System32\SHELL32.dll
0x00007ff9804c0000 - 0x00007ff980567000 	C:\Windows\System32\shcore.dll
0x00007ff97e670000 - 0x00007ff97edeb000 	C:\Windows\System32\windows.storage.dll
0x00007ff97def0000 - 0x00007ff97df0e000 	C:\Windows\System32\profapi.dll
0x00007ff97dea0000 - 0x00007ff97deea000 	C:\Windows\System32\powrprof.dll
0x00007ff97de50000 - 0x00007ff97de60000 	C:\Windows\System32\UMPDC.dll
0x00007ff980810000 - 0x00007ff980862000 	C:\Windows\System32\shlwapi.dll
0x00007ff97de60000 - 0x00007ff97de71000 	C:\Windows\System32\kernel.appcore.dll
0x00007ff97e0c0000 - 0x00007ff97e0d7000 	C:\Windows\System32\cryptsp.dll
0x00007ff976380000 - 0x00007ff97639a000 	C:\Program Files\Android\Android Studio1\jre\jre\bin\net.dll
0x00007ff97d690000 - 0x00007ff97d6f7000 	C:\Windows\system32\mswsock.dll
0x00007ff976360000 - 0x00007ff976373000 	C:\Program Files\Android\Android Studio1\jre\jre\bin\nio.dll
0x00007ff9608e0000 - 0x00007ff960907000 	C:\Users\DELL\.gradle\native\f6784746aeab05261644944871eae4fe03e0ef1612fff0a4a95f87b438bc6780\windows-amd64\native-platform.dll
0x00007ff976350000 - 0x00007ff97635d000 	C:\Program Files\Android\Android Studio1\jre\jre\bin\management.dll
0x00007ff97d210000 - 0x00007ff97d243000 	C:\Windows\system32\rsaenh.dll
0x00007ff97e130000 - 0x00007ff97e156000 	C:\Windows\System32\bcrypt.dll
0x00007ff97dd70000 - 0x00007ff97dd95000 	C:\Windows\SYSTEM32\USERENV.dll
0x00007ff97d860000 - 0x00007ff97d86c000 	C:\Windows\SYSTEM32\CRYPTBASE.dll
0x00007ff97d3a0000 - 0x00007ff97d3da000 	C:\Windows\SYSTEM32\IPHLPAPI.DLL
0x00007ff97f050000 - 0x00007ff97f058000 	C:\Windows\System32\NSI.dll
0x00007ff976f90000 - 0x00007ff976fa6000 	C:\Windows\SYSTEM32\dhcpcsvc6.DLL
0x00007ff977270000 - 0x00007ff97728c000 	C:\Windows\SYSTEM32\dhcpcsvc.DLL
0x00007ff97d3e0000 - 0x00007ff97d4ab000 	C:\Windows\SYSTEM32\DNSAPI.dll
0x00007ff977a20000 - 0x00007ff977a2b000 	C:\Windows\SYSTEM32\WINNSI.DLL

VM Arguments:
jvm_args: -Xmx1024m -Dfile.encoding=UTF-8 -Duser.country=US -Duser.language=en -Duser.variant 
java_command: org.gradle.launcher.daemon.bootstrap.GradleDaemon 6.5
java_class_path (initial): C:\Users\DELL\.gradle\wrapper\dists\gradle-6.5-bin\6nifqtx7604sqp1q6g8wikw7p\gradle-6.5\lib\gradle-launcher-6.5.jar
Launcher Type: SUN_STANDARD

Environment Variables:
PATH=C:\Program Files (x86)\Common Files\Oracle\Java\javapath;C:\Program Files\Common Files\Oracle\Java\javapath;C:\Windows\system32;C:\Windows;C:\Windows\System32\Wbem;C:\Windows\System32\WindowsPowerShell\v1.0\;C:\Windows\System32\OpenSSH\;C:\Program Files\Git\cmd;C:\Program Files\dotnet\;C:\Program Files\Microsoft SQL Server\130\Tools\Binn\;C:\Program Files\Microsoft SQL Server\Client SDK\ODBC\170\Tools\Binn\;C:\Users\DELL\AppData\Local\Microsoft\WindowsApps;C:\Users\DELL\.dotnet\tools
USERNAME=DELL
OS=Windows_NT
PROCESSOR_IDENTIFIER=Intel64 Family 6 Model 142 Stepping 9, GenuineIntel



---------------  S Y S T E M  ---------------

OS: Windows 10.0 , 64 bit Build 18362 (10.0.18362.1350)

CPU:total 4 (initial active 4) (2 cores per cpu, 2 threads per core) family 6 model 142 stepping 9, cmov, cx8, fxsr, mmx, sse, sse2, sse3, ssse3, sse4.1, sse4.2, popcnt, avx, avx2, aes, clmul, erms, 3dnowpref, lzcnt, ht, tsc, tscinvbit, bmi1, bmi2, adx

Memory: 4k page, physical 4060692k(249880k free), swap 16643604k(5276k free)

vm_info: OpenJDK 64-Bit Server VM (25.242-b01) for windows-amd64 JRE (1.8.0_242-release-1644-b01), built by "builder" with MS VC++ 10.0 (VS2010)

time: Mon Mar 15 10:01:24 2021
timezone: Nepal Standard Time
elapsed time: 3 seconds (0d 0h 0m 3s)

